app/build/outputs/logs/manifest-merger-debug-report.txt
-- Merging decision tree log ---
manifest
ADDED from src/main/AndroidManifest.xml:2:1-74:12
	xmlns:android
		ADDED from src/main/AndroidManifest.xml:2:11-69
	package
		ADDED from src/main/AndroidManifest.xml:3:5-38
		INJECTED from src/main/AndroidManifest.xml
		INJECTED from src/main/AndroidManifest.xml
	android:versionName
		ADDED from src/main/AndroidManifest.xml:6:5-30
	android:versionCode
		ADDED from src/main/AndroidManifest.xml:5:5-28
		INJECTED from src/main/AndroidManifest.xml
		INJECTED from src/main/AndroidManifest.xml
	android:installLocation
		ADDED from src/main/AndroidManifest.xml:4:5-45
uses-sdk
ADDED from src/main/AndroidManifest.xml:8:5-10:41
MERGED from [com.github.citux:datetimepicker:0.1.2] AndroidManifest.xml:22:5-24:41
MERGED from [com.android.support:support-v13:21.0.0] AndroidManifest.xml:15:5-43
MERGED from [com.android.support:support-v4:21.0.3] AndroidManifest.xml:15:5-42
MERGED from [com.mbientlab:metawear:1.5.3] AndroidManifest.xml:7:5-9:41
MERGED from [com.android.support:support-v4:21.0.3] AndroidManifest.xml:15:5-42
	android:targetSdkVersion
		ADDED from src/main/AndroidManifest.xml:10:9-38
		INJECTED from src/main/AndroidManifest.xml
		INJECTED from src/main/AndroidManifest.xml
	android:minSdkVersion
		ADDED from src/main/AndroidManifest.xml:9:9-35
		INJECTED from src/main/AndroidManifest.xml
		INJECTED from src/main/AndroidManifest.xml
supports-screens
ADDED from src/main/AndroidManifest.xml:12:5-17:40
	android:largeScreens
		ADDED from src/main/AndroidManifest.xml:14:9-36
	android:anyDensity
		ADDED from src/main/AndroidManifest.xml:13:9-34
	android:normalScreens
		ADDED from src/main/AndroidManifest.xml:15:9-37
	android:xlargeScreens
		ADDED from src/main/AndroidManifest.xml:17:9-37
	android:smallScreens
		ADDED from src/main/AndroidManifest.xml:16:9-36
uses-feature#0x00020000
ADDED from src/main/AndroidManifest.xml:19:5-54
	android:glEsVersion
		ADDED from src/main/AndroidManifest.xml:19:19-51
uses-permission#android.permission.INTERNET
ADDED from src/main/AndroidManifest.xml:21:5-67
	android:name
		ADDED from src/main/AndroidManifest.xml:21:22-64
uses-permission#android.permission.READ_PHONE_STATE
ADDED from src/main/AndroidManifest.xml:22:5-75
	android:name
		ADDED from src/main/AndroidManifest.xml:22:22-72
uses-permission#android.permission.ACCESS_NETWORK_STATE
ADDED from src/main/AndroidManifest.xml:23:5-79
	android:name
		ADDED from src/main/AndroidManifest.xml:23:22-76
uses-feature#android.hardware.sensor.accelerometer
ADDED from src/main/AndroidManifest.xml:25:5-27:36
	android:required
		ADDED from src/main/AndroidManifest.xml:27:9-33
	android:name
		ADDED from src/main/AndroidManifest.xml:26:9-61
uses-feature#android.hardware.touchscreen
ADDED from src/main/AndroidManifest.xml:28:5-30:36
	android:required
		ADDED from src/main/AndroidManifest.xml:30:9-33
	android:name
		ADDED from src/main/AndroidManifest.xml:29:9-52
uses-feature#android.hardware.touchscreen.multitouch
ADDED from src/main/AndroidManifest.xml:31:5-33:36
	android:required
		ADDED from src/main/AndroidManifest.xml:33:9-33
	android:name
		ADDED from src/main/AndroidManifest.xml:32:9-63
uses-feature#android.hardware.touchscreen.multitouch.distinct
ADDED from src/main/AndroidManifest.xml:34:5-36:36
	android:required
		ADDED from src/main/AndroidManifest.xml:36:9-33
	android:name
		ADDED from src/main/AndroidManifest.xml:35:9-72
android:uses-permission#android.permission.WRITE_EXTERNAL_STORAGE
ADDED from src/main/AndroidManifest.xml:38:5-89
	android:name
		ADDED from src/main/AndroidManifest.xml:38:30-86
android:uses-permission#android.permission.READ_EXTERNAL_STORAGE
ADDED from src/main/AndroidManifest.xml:39:5-88
	android:name
		ADDED from src/main/AndroidManifest.xml:39:30-85
application
ADDED from src/main/AndroidManifest.xml:41:5-72:19
MERGED from [com.github.citux:datetimepicker:0.1.2] AndroidManifest.xml:28:5-20
MERGED from [com.android.support:support-v13:21.0.0] AndroidManifest.xml:16:5-19
MERGED from [com.android.support:support-v4:21.0.3] AndroidManifest.xml:16:5-19
MERGED from [com.android.support:support-v4:21.0.3] AndroidManifest.xml:16:5-19
	android:label
		ADDED from src/main/AndroidManifest.xml:46:9-41
	android:debuggable
		ADDED from src/main/AndroidManifest.xml:43:9-35
	android:icon
		ADDED from src/main/AndroidManifest.xml:44:9-42
	android:theme
		ADDED from src/main/AndroidManifest.xml:47:9-67
	android:isGame
		ADDED from src/main/AndroidManifest.xml:45:9-30
	android:banner
		ADDED from src/main/AndroidManifest.xml:42:9-46
activity#com.utoronto.ianklegame.UnityPlayerActivity
ADDED from src/main/AndroidManifest.xml:48:9-59:20
	android:screenOrientation
		ADDED from src/main/AndroidManifest.xml:53:13-51
	android:label
		ADDED from src/main/AndroidManifest.xml:51:13-45
	android:configChanges
		ADDED from src/main/AndroidManifest.xml:50:13-170
	android:name
		ADDED from src/main/AndroidManifest.xml:49:13-48
	android:launchMode
		ADDED from src/main/AndroidManifest.xml:52:13-44
meta-data#unityplayer.UnityActivity
ADDED from src/main/AndroidManifest.xml:56:13-58:40
	android:name
		ADDED from src/main/AndroidManifest.xml:57:17-57
	android:value
		ADDED from src/main/AndroidManifest.xml:58:17-37
activity#com.utoronto.ianklegame.MainActivity
ADDED from src/main/AndroidManifest.xml:60:9-71:20
	android:label
		ADDED from src/main/AndroidManifest.xml:62:13-56
	android:name
		ADDED from src/main/AndroidManifest.xml:61:13-41
intent-filter#android.intent.action.MAIN+android.intent.category.LAUNCHER
ADDED from src/main/AndroidManifest.xml:66:13-70:29
action#android.intent.action.MAIN
ADDED from src/main/AndroidManifest.xml:67:17-69
	android:name
		ADDED from src/main/AndroidManifest.xml:67:25-66
category#android.intent.category.LAUNCHER
ADDED from src/main/AndroidManifest.xml:69:17-77
	android:name
		ADDED from src/main/AndroidManifest.xml:69:27-74
uses-permission#android.permission.VIBRATE
ADDED from [com.github.citux:datetimepicker:0.1.2] AndroidManifest.xml:26:5-66
	android:name
		ADDED from [com.github.citux:datetimepicker:0.1.2] AndroidManifest.xml:26:22-63
uses-feature#android.hardware.bluetooth_le
ADDED from [com.mbientlab:metawear:1.5.3] AndroidManifest.xml:11:5-13:35
	android:required
		ADDED from [com.mbientlab:metawear:1.5.3] AndroidManifest.xml:13:9-32
	android:name
		ADDED from [com.mbientlab:metawear:1.5.3] AndroidManifest.xml:12:9-53
uses-permission#android.permission.BLUETOOTH
ADDED from [com.mbientlab:metawear:1.5.3] AndroidManifest.xml:15:5-68
	android:name
		ADDED from [com.mbientlab:metawear:1.5.3] AndroidManifest.xml:15:22-65